<?xml version="1.0" encoding="UTF-8"?>
<!-- Generated by org.testng.reporters.JUnitReportReporter -->
<testsuite hostname="DESKTOP-UV55T36" failures="0" tests="3" name="project.Hometestclass" time="12.441" errors="0" timestamp="2025-05-27T09:21:01 IST" skipped="0">
  <testcase classname="project.Hometestclass" name="customer" time="6.993"/>
  <testcase classname="project.Hometestclass" name="address" time="3.583"/>
  <testcase classname="project.Hometestclass" name="item" time="1.865"/>
</testsuite> <!-- project.Hometestclass -->
