<?xml version="1.0" encoding="UTF-8"?>
<!-- Generated by org.testng.reporters.JUnitReportReporter -->
<testsuite hostname="DESKTOP-UV55T36" failures="0" tests="3" name="project.Hometestclass" time="12.423" errors="0" timestamp="2025-06-09T21:00:24 IST" skipped="0">
  <testcase classname="project.Hometestclass" name="customer" time="7.055"/>
  <testcase classname="project.Hometestclass" name="address" time="3.374"/>
  <testcase classname="project.Hometestclass" name="item" time="1.994"/>
</testsuite> <!-- project.Hometestclass -->
