<?xml version="1.0" encoding="UTF-8"?>
<!-- Generated by org.testng.reporters.JUnitReportReporter -->
<testsuite hostname="DESKTOP-UV55T36" failures="0" tests="1" name="project.Inventoryupdatetestclass" time="12.600" errors="0" timestamp="2025-05-27T08:56:42 IST" skipped="0">
  <testcase classname="project.Inventoryupdatetestclass" name="inventoryupdate" time="12.600"/>
</testsuite> <!-- project.Inventoryupdatetestclass -->
