<?xml version="1.0" encoding="UTF-8"?>
<!-- Generated by org.testng.reporters.JUnitReportReporter -->
<testsuite hostname="DESKTOP-UV55T36" failures="0" tests="1" name="project.Inventoryupdatetestclass" time="1.340" errors="0" timestamp="2025-06-18T19:46:45 IST" skipped="0">
  <testcase classname="project.Inventoryupdatetestclass" name="inventoryupdate" time="1.340"/>
</testsuite> <!-- project.Inventoryupdatetestclass -->
